2014-05-02 22:28:16,927 DEBUG    root            Metrics started...
2014-05-02 22:28:16,934 DEBUG    root            Running gcloud.auth.login with _Args({'account': None,
 'api_host': None,
 'do_not_activate': False,
 'h': None,
 'help': None,
 'launch_browser': True,
 'project': None,
 'quiet': None,
 'user_output_enabled': None,
 'verbosity': None}).
2014-05-02 22:28:17,197 INFO     ___FILE_ONLY___ Your browser has been opened to visit:

    https://accounts.google.com/o/oauth2/auth?scope=https%3A%2F%2Fwww.googleapis.com%2Fauth%2Fappengine.admin+https%3A%2F%2Fwww.googleapis.com%2Fauth%2Fbigquery+https%3A%2F%2Fwww.googleapis.com%2Fauth%2Fcompute+https%3A%2F%2Fwww.googleapis.com%2Fauth%2Fdevstorage.full_control+https%3A%2F%2Fwww.googleapis.com%2Fauth%2Fuserinfo.email+https%3A%2F%2Fwww.googleapis.com%2Fauth%2Fndev.cloudman+https%3A%2F%2Fwww.googleapis.com%2Fauth%2Fcloud-platform+https%3A%2F%2Fwww.googleapis.com%2Fauth%2Fsqlservice.admin+https%3A%2F%2Fwww.googleapis.com%2Fauth%2Fprediction+https%3A%2F%2Fwww.googleapis.com%2Fauth%2Fprojecthosting&redirect_uri=http%3A%2F%2Flocalhost%3A8085%2F&response_type=code&client_id=32555940559.apps.googleusercontent.com&access_type=offline


2014-05-02 22:28:18,076 DEBUG    root            Sent event: Event(category='Executions', action='gcloud', label=u'2014.04.30', value=0)
2014-05-02 22:28:18,161 DEBUG    root            Sent event: Event(category='Commands', action='gcloud.auth.login', label='unknown', value=0)
2014-05-02 22:28:24,200 INFO     oauth2client.client Successfully retrieved access token
2014-05-02 22:28:24,229 DEBUG    oauth2client.multistore_file Initializing empty multistore file
2014-05-02 22:28:24,263 INFO     ___FILE_ONLY___ 
You are logged in as euric.reiks@gmail.com.

2014-05-02 22:28:24,272 DEBUG    root            Shutting down metrics...
